20240610	09:42:48	998215cd-9c5a-4d18-aad6-1fe69d2e7e1c	undefined: undefined	undefined	undefined
20240619	13:58:49	47761607-02e1-4d68-8cc9-383bfccf2984	undefined: undefined	undefined	undefined
20240624	09:49:29	a76f5df9-1e18-4438-8e43-e3c002a88813	undefined: undefined	undefined	undefined
20240628	09:48:10	07e7eee8-2748-4346-a79e-f94b54d33cd6	undefined: undefined	undefined	undefined
20240719	11:53:37	fe93dc29-0321-4d3e-a0a2-6ecd82948ced	undefined: undefined	undefined	undefined
20240805	10:25:53	d9e0d44e-96a6-4c84-8d2b-860e22774e80	undefined: undefined	undefined	undefined
20240805	10:31:18	93a90d84-1de1-4451-b62f-70ded255bcbb	undefined: undefined	undefined	undefined
20240918	13:20:36	840b5dad-bd33-44be-9c21-e368351fe3a0	undefined: undefined	undefined	undefined
20240919	12:14:37	315a6b3a-d4f6-4fdf-98f4-ad868dee86ac	undefined: undefined	undefined	undefined
20240923	14:02:48	13fbc4ad-0387-4b01-8d90-c476a1e0302b	undefined: undefined	undefined	undefined
20241225	14:46:23	30c07646-867f-4237-bfb5-12f3c7494fa9	undefined: undefined	undefined	undefined
20241225	14:46:55	98129993-eb49-439a-959b-0eea7e2c07c0	undefined: undefined	undefined	undefined
20241225	14:47:28	497cfe65-daff-4209-aa0b-9ceac216e2f9	undefined: undefined	undefined	undefined
20241225	14:48:01	fbdf86bc-dc37-4421-af80-62afec8ed82c	undefined: undefined	undefined	undefined
20241225	14:48:34	882ab93d-627e-44ca-83f0-ad6084ece9a6	undefined: undefined	undefined	undefined
20241225	14:49:08	1be071f6-f744-4ecc-87b7-1709440085bc	undefined: undefined	undefined	undefined
20241225	14:49:41	ee8d3554-0706-4754-a30b-405ad674a986	undefined: undefined	undefined	undefined
20241225	14:50:14	1e86ca78-ff67-4450-b43a-9b26330d0d20	undefined: undefined	undefined	undefined
20241225	14:50:47	7e1302e4-0c9d-43cc-9fc5-76b8e49ba99e	undefined: undefined	undefined	undefined
20241225	14:51:20	05ec2e65-be1f-4e66-8a15-72b8d658a990	undefined: undefined	undefined	undefined
20241225	14:51:54	42fab593-ebfc-43ee-8fd3-4318d984c63c	undefined: undefined	undefined	undefined
20241225	14:52:26	67f62b53-bdaf-432d-bf45-813c4fc99011	undefined: undefined	undefined	undefined
20241225	14:53:00	8480c7da-224d-4e15-b064-aa7fdba23f68	undefined: undefined	undefined	undefined
20241225	14:53:33	3dcb8bab-082b-45bf-9276-563565c03fbb	undefined: undefined	undefined	undefined
20241225	14:54:10	54d75a41-6118-4c32-8237-4f042b5e3474	undefined: undefined	undefined	undefined
20241225	14:54:21	9450fd26-2a2f-4698-96e4-eedf859e46b3	undefined: undefined	undefined	undefined
20241225	14:54:43	2e8d558a-a6b2-49d6-a939-fb2dc7eb6ab7	undefined: undefined	undefined	undefined
20241225	14:55:17	90338c1c-e821-4951-bbe2-c408f49d4c8a	undefined: undefined	undefined	undefined
20241225	14:55:49	8a2dc929-f61e-4335-86dc-97c982a45130	undefined: undefined	undefined	undefined
20241225	14:56:22	481f3b2e-d742-4add-9be5-343d70297b70	undefined: undefined	undefined	undefined
20241225	14:56:56	0e36cf9c-f1ff-4e82-8dfd-275fefbecd97	undefined: undefined	undefined	undefined
20241225	14:57:40	de77960c-ae81-4969-b5a3-53391da57f54	undefined: undefined	undefined	undefined
20241225	14:58:13	666346b8-d3a9-4a52-8400-75c7ef3ebeab	undefined: undefined	undefined	undefined
20241225	14:58:56	fe9ec2f5-6483-45ea-a6c1-11bad02b32da	undefined: undefined	undefined	undefined
20241225	14:59:29	4b8d900c-5573-4754-ba4f-1ae5b22d56fa	undefined: undefined	undefined	undefined
20241225	15:00:02	bf14d5a0-92d7-48ef-a433-7baf7699e7d5	undefined: undefined	undefined	undefined
20241225	15:00:16	7f9f49d2-90d9-439d-aeb8-d450cc76f2bb	undefined: undefined	undefined	undefined
20241225	15:00:36	970a041f-e0e7-4544-a397-acba94b2cc16	undefined: undefined	undefined	undefined
20241225	15:01:09	b8069fc4-4f39-43ed-8245-b8d0782aa2da	undefined: undefined	undefined	undefined
20241225	15:01:42	c53b9ae1-4591-4288-8dcb-86559f9f85b8	undefined: undefined	undefined	undefined
20241225	15:02:15	82a7093a-aacc-42e5-9811-084f3458b995	undefined: undefined	undefined	undefined
20241225	15:02:49	20e11e35-d98b-4b0c-b687-b8d11091bd82	undefined: undefined	undefined	undefined
20241225	15:03:22	994ba292-e6f1-4eb4-9180-1df444c812b5	undefined: undefined	undefined	undefined
20241225	15:03:55	80bec42e-de3f-4b97-83d7-2ea1001cc3d6	undefined: undefined	undefined	undefined
20241225	15:04:28	2aaff5e0-e746-4be2-9d4c-360c5a4e6c10	undefined: undefined	undefined	undefined
20241225	15:05:02	5c270549-c98c-4ab7-aa4e-39d86408766b	undefined: undefined	undefined	undefined
20241225	15:05:35	df225a51-7419-4bf8-9e6d-22ced76241a3	undefined: undefined	undefined	undefined
20241225	15:06:29	5d9aeafc-ed9f-422b-be75-1d9b73b4ce9b	undefined: undefined	undefined	undefined
20241225	15:07:02	af0f2124-2040-4e6c-9ff6-dd771cb0fd1a	undefined: undefined	undefined	undefined
20241225	15:07:03	36f2b553-9d93-41c3-ae52-3c6eda37a541	undefined: undefined	undefined	undefined
